  main.cpp
C:\Program Files\Microsoft Visual Studio\2022\Community\VC\Tools\MSVC\14.43.34808\include\string_view(12): warning STL4038: The contents of <string_view> are available only with C++17 or later.
C:\Program Files\Microsoft Visual Studio\2022\Community\VC\Tools\MSVC\14.43.34808\include\filesystem(12): warning STL4038: The contents of <filesystem> are available only with C++17 or later.
C:\Users\hariz\Desktop\UTeM-Hackathon2025\backend-2\backend-2\crow_all.h(1100,26): error C3083: 'filesystem': the symbol to the left of a '::' must be a type
  (compiling source file 'main.cpp')
  
C:\Users\hariz\Desktop\UTeM-Hackathon2025\backend-2\backend-2\crow_all.h(1100,38): error C2039: 'path': is not a member of 'std'
  (compiling source file 'main.cpp')
      C:\Program Files\Microsoft Visual Studio\2022\Community\VC\Tools\MSVC\14.43.34808\include\random(47,1):
      see declaration of 'std'
  
C:\Users\hariz\Desktop\UTeM-Hackathon2025\backend-2\backend-2\crow_all.h(1100,38): error C2064: term does not evaluate to a function taking 1 arguments
  (compiling source file 'main.cpp')
  
C:\Users\hariz\Desktop\UTeM-Hackathon2025\backend-2\backend-2\crow_all.h(1108,53): error C2039: 'string_view': is not a member of 'std'
  (compiling source file 'main.cpp')
      C:\Program Files\Microsoft Visual Studio\2022\Community\VC\Tools\MSVC\14.43.34808\include\random(47,1):
      see declaration of 'std'
  
C:\Users\hariz\Desktop\UTeM-Hackathon2025\backend-2\backend-2\crow_all.h(1108,42): error C4430: missing type specifier - int assumed. Note: C++ does not support default-int
  (compiling source file 'main.cpp')
  
C:\Users\hariz\Desktop\UTeM-Hackathon2025\backend-2\backend-2\crow_all.h(1108,65): error C2146: syntax error: missing ')' before identifier 'l'
  (compiling source file 'main.cpp')
  
C:\Users\hariz\Desktop\UTeM-Hackathon2025\backend-2\backend-2\crow_all.h(1108,65): error C3646: 'l': unknown override specifier
  (compiling source file 'main.cpp')
  
C:\Users\hariz\Desktop\UTeM-Hackathon2025\backend-2\backend-2\crow_all.h(1108,79): error C2039: 'string_view': is not a member of 'std'
  (compiling source file 'main.cpp')
      C:\Program Files\Microsoft Visual Studio\2022\Community\VC\Tools\MSVC\14.43.34808\include\random(47,1):
      see declaration of 'std'
  
C:\Users\hariz\Desktop\UTeM-Hackathon2025\backend-2\backend-2\crow_all.h(1108,79): error C7525: inline variables require at least '/std:c++17'
  (compiling source file 'main.cpp')
  
C:\Users\hariz\Desktop\UTeM-Hackathon2025\backend-2\backend-2\crow_all.h(1108,68): warning C4228: nonstandard extension used: qualifiers after comma in declarator list are ignored
  (compiling source file 'main.cpp')
  
C:\Users\hariz\Desktop\UTeM-Hackathon2025\backend-2\backend-2\crow_all.h(1108,91): error C2146: syntax error: missing ';' before identifier 'r'
  (compiling source file 'main.cpp')
  
C:\Users\hariz\Desktop\UTeM-Hackathon2025\backend-2\backend-2\crow_all.h(1108,91): error C4430: missing type specifier - int assumed. Note: C++ does not support default-int
  (compiling source file 'main.cpp')
  
C:\Users\hariz\Desktop\UTeM-Hackathon2025\backend-2\backend-2\crow_all.h(1108,94): error C2062: type 'bool' unexpected
  (compiling source file 'main.cpp')
  
C:\Users\hariz\Desktop\UTeM-Hackathon2025\backend-2\backend-2\crow_all.h(1108,121): error C2059: syntax error: ')'
  (compiling source file 'main.cpp')
  
C:\Users\hariz\Desktop\UTeM-Hackathon2025\backend-2\backend-2\crow_all.h(1109,9): error C2143: syntax error: missing ';' before '{'
  (compiling source file 'main.cpp')
  
C:\Users\hariz\Desktop\UTeM-Hackathon2025\backend-2\backend-2\crow_all.h(1109,9): error C2447: '{': missing function header (old-style formal list?)
  (compiling source file 'main.cpp')
  
  Please define _WIN32_WINNT or _WIN32_WINDOWS appropriately. For example:
  - add -D_WIN32_WINNT=0x0601 to the compiler command line; or
  - add _WIN32_WINNT=0x0601 to your project's Preprocessor Definitions.
  Assuming _WIN32_WINNT=0x0601 (i.e. Windows 7 target).
C:\Users\hariz\Desktop\UTeM-Hackathon2025\backend-2\backend-2\crow_all.h(3650,35): warning C4267: 'argument': conversion from 'size_t' to 'uint32_t', possible loss of data
  (compiling source file 'main.cpp')
  
C:\Users\hariz\Desktop\UTeM-Hackathon2025\backend-2\backend-2\crow_all.h(4132,32): warning C4267: 'return': conversion from 'size_t' to 'int', possible loss of data
  (compiling source file 'main.cpp')
  
C:\Users\hariz\Desktop\UTeM-Hackathon2025\backend-2\backend-2\crow_all.h(4645,33): warning C4267: 'initializing': conversion from 'size_t' to 'int', possible loss of data
  (compiling source file 'main.cpp')
  
C:\Users\hariz\Desktop\UTeM-Hackathon2025\backend-2\backend-2\crow_all.h(4664,48): warning C4267: '=': conversion from 'size_t' to 'int', possible loss of data
  (compiling source file 'main.cpp')
  
C:\Users\hariz\Desktop\UTeM-Hackathon2025\backend-2\backend-2\crow_all.h(4666,53): warning C4267: 'argument': conversion from 'size_t' to '_Ty', possible loss of data
C:\Users\hariz\Desktop\UTeM-Hackathon2025\backend-2\backend-2\crow_all.h(4666,53): warning C4267:         with
C:\Users\hariz\Desktop\UTeM-Hackathon2025\backend-2\backend-2\crow_all.h(4666,53): warning C4267:         [
C:\Users\hariz\Desktop\UTeM-Hackathon2025\backend-2\backend-2\crow_all.h(4666,53): warning C4267:             _Ty=int
C:\Users\hariz\Desktop\UTeM-Hackathon2025\backend-2\backend-2\crow_all.h(4666,53): warning C4267:         ]
  (compiling source file 'main.cpp')
  
C:\Users\hariz\Desktop\UTeM-Hackathon2025\backend-2\backend-2\crow_all.h(4767,94): warning C4267: 'argument': conversion from 'size_t' to 'int', possible loss of data
  (compiling source file 'main.cpp')
  
C:\Users\hariz\Desktop\UTeM-Hackathon2025\backend-2\backend-2\crow_all.h(4915,54): warning C4267: 'argument': conversion from 'size_t' to 'int', possible loss of data
  (compiling source file 'main.cpp')
  
C:\Users\hariz\Desktop\UTeM-Hackathon2025\backend-2\backend-2\crow_all.h(4926,54): warning C4267: 'argument': conversion from 'size_t' to 'int', possible loss of data
  (compiling source file 'main.cpp')
  
C:\Users\hariz\Desktop\UTeM-Hackathon2025\backend-2\backend-2\crow_all.h(4944,54): warning C4267: 'argument': conversion from 'size_t' to 'int', possible loss of data
  (compiling source file 'main.cpp')
  
C:\Users\hariz\Desktop\UTeM-Hackathon2025\backend-2\backend-2\crow_all.h(4955,54): warning C4267: 'argument': conversion from 'size_t' to 'int', possible loss of data
  (compiling source file 'main.cpp')
  
C:\Users\hariz\Desktop\UTeM-Hackathon2025\backend-2\backend-2\crow_all.h(6398,32): warning C4244: '=': conversion from '__int64' to 'unsigned long', possible loss of data
  (compiling source file 'main.cpp')
  
C:\Users\hariz\Desktop\UTeM-Hackathon2025\backend-2\backend-2\crow_all.h(6418,32): warning C4244: '=': conversion from '__int64' to 'unsigned long', possible loss of data
  (compiling source file 'main.cpp')
  
C:\Users\hariz\Desktop\UTeM-Hackathon2025\backend-2\backend-2\crow_all.h(7839,38): error C2039: 'string_view': is not a member of 'std'
  (compiling source file 'main.cpp')
      C:\Program Files\Microsoft Visual Studio\2022\Community\VC\Tools\MSVC\14.43.34808\include\locale(24,1):
      see declaration of 'std'
  
C:\Users\hariz\Desktop\UTeM-Hackathon2025\backend-2\backend-2\crow_all.h(7839,27): error C4430: missing type specifier - int assumed. Note: C++ does not support default-int
  (compiling source file 'main.cpp')
  
C:\Users\hariz\Desktop\UTeM-Hackathon2025\backend-2\backend-2\crow_all.h(7839,50): error C2146: syntax error: missing ')' before identifier 'key'
  (compiling source file 'main.cpp')
  
C:\Users\hariz\Desktop\UTeM-Hackathon2025\backend-2\backend-2\crow_all.h(7839,50): error C3646: 'key': unknown override specifier
  (compiling source file 'main.cpp')
  
C:\Users\hariz\Desktop\UTeM-Hackathon2025\backend-2\backend-2\crow_all.h(7839,53): error C2059: syntax error: ')'
  (compiling source file 'main.cpp')
  
C:\Users\hariz\Desktop\UTeM-Hackathon2025\backend-2\backend-2\crow_all.h(7839,55): error C2143: syntax error: missing ';' before 'const'
  (compiling source file 'main.cpp')
  
C:\Users\hariz\Desktop\UTeM-Hackathon2025\backend-2\backend-2\crow_all.h(7839,55): error C4430: missing type specifier - int assumed. Note: C++ does not support default-int
  (compiling source file 'main.cpp')
  
C:\Users\hariz\Desktop\UTeM-Hackathon2025\backend-2\backend-2\crow_all.h(7840,9): error C2059: syntax error: '{'
  (compiling source file 'main.cpp')
  
C:\Users\hariz\Desktop\UTeM-Hackathon2025\backend-2\backend-2\crow_all.h(7840,9): error C2334: unexpected token(s) preceding '{'; skipping apparent function body
  (compiling source file 'main.cpp')
  
C:\Users\hariz\Desktop\UTeM-Hackathon2025\backend-2\backend-2\crow_all.h(7861,36): error C2039: 'string_view': is not a member of 'std'
  (compiling source file 'main.cpp')
      C:\Program Files\Microsoft Visual Studio\2022\Community\VC\Tools\MSVC\14.43.34808\include\locale(24,1):
      see declaration of 'std'
  
C:\Users\hariz\Desktop\UTeM-Hackathon2025\backend-2\backend-2\crow_all.h(7861,25): error C4430: missing type specifier - int assumed. Note: C++ does not support default-int
  (compiling source file 'main.cpp')
  
C:\Users\hariz\Desktop\UTeM-Hackathon2025\backend-2\backend-2\crow_all.h(7861,48): error C2146: syntax error: missing ')' before identifier 'l'
  (compiling source file 'main.cpp')
  
C:\Users\hariz\Desktop\UTeM-Hackathon2025\backend-2\backend-2\crow_all.h(7861,48): error C3646: 'l': unknown override specifier
  (compiling source file 'main.cpp')
  
C:\Users\hariz\Desktop\UTeM-Hackathon2025\backend-2\backend-2\crow_all.h(7861,62): error C2039: 'string_view': is not a member of 'std'
  (compiling source file 'main.cpp')
      C:\Program Files\Microsoft Visual Studio\2022\Community\VC\Tools\MSVC\14.43.34808\include\locale(24,1):
      see declaration of 'std'
  
C:\Users\hariz\Desktop\UTeM-Hackathon2025\backend-2\backend-2\crow_all.h(7861,74): error C3646: 'r': unknown override specifier
  (compiling source file 'main.cpp')
  
C:\Users\hariz\Desktop\UTeM-Hackathon2025\backend-2\backend-2\crow_all.h(7861,75): error C2059: syntax error: ')'
  (compiling source file 'main.cpp')
  
C:\Users\hariz\Desktop\UTeM-Hackathon2025\backend-2\backend-2\crow_all.h(7861,77): error C2143: syntax error: missing ';' before 'const'
  (compiling source file 'main.cpp')
  
C:\Users\hariz\Desktop\UTeM-Hackathon2025\backend-2\backend-2\crow_all.h(7861,51): warning C4228: nonstandard extension used: qualifiers after comma in declarator list are ignored
  (compiling source file 'main.cpp')
  
C:\Users\hariz\Desktop\UTeM-Hackathon2025\backend-2\backend-2\crow_all.h(7861,77): error C4430: missing type specifier - int assumed. Note: C++ does not support default-int
  (compiling source file 'main.cpp')
  
C:\Users\hariz\Desktop\UTeM-Hackathon2025\backend-2\backend-2\crow_all.h(7862,9): error C2059: syntax error: '{'
  (compiling source file 'main.cpp')
  
C:\Users\hariz\Desktop\UTeM-Hackathon2025\backend-2\backend-2\crow_all.h(7862,9): error C2334: unexpected token(s) preceding '{'; skipping apparent function body
  (compiling source file 'main.cpp')
  
C:\Users\hariz\Desktop\UTeM-Hackathon2025\backend-2\backend-2\crow_all.h(8091,31): error C2660: 'crow::utility::string_equals': function does not take 2 arguments
  (compiling source file 'main.cpp')
      C:\Users\hariz\Desktop\UTeM-Hackathon2025\backend-2\backend-2\crow_all.h(1108,28):
      see declaration of 'crow::utility::string_equals'
      C:\Users\hariz\Desktop\UTeM-Hackathon2025\backend-2\backend-2\crow_all.h(8091,31):
      while trying to match the argument list '(const std::string, const char [10])'
      C:\Users\hariz\Desktop\UTeM-Hackathon2025\backend-2\backend-2\crow_all.h(8091,31):
      the template instantiation context (the oldest one first) is
          C:\Users\hariz\Desktop\UTeM-Hackathon2025\backend-2\backend-2\crow_all.h(8066,15):
          while compiling class template 'crow::websocket::Connection'
  
C:\Program Files\Microsoft Visual Studio\2022\Community\VC\Tools\MSVC\14.43.34808\include\charconv(12): warning STL4038: The contents of <charconv> are available only with C++17 or later.
C:\Users\hariz\Desktop\UTeM-Hackathon2025\backend-2\backend-2\crow_all.h(9289,18): error C2039: 'string_view': is not a member of 'std'
  (compiling source file 'main.cpp')
      C:\Program Files\Microsoft Visual Studio\2022\Community\VC\Tools\MSVC\14.43.34808\include\locale(24,1):
      see declaration of 'std'
  
C:\Users\hariz\Desktop\UTeM-Hackathon2025\backend-2\backend-2\crow_all.h(9289,30): error C3646: 'value': unknown override specifier
  (compiling source file 'main.cpp')
  
C:\Users\hariz\Desktop\UTeM-Hackathon2025\backend-2\backend-2\crow_all.h(9289,18): error C4430: missing type specifier - int assumed. Note: C++ does not support default-int
  (compiling source file 'main.cpp')
  
C:\Users\hariz\Desktop\UTeM-Hackathon2025\backend-2\backend-2\crow_all.h(9290,37): error C2039: 'string_view': is not a member of 'std'
  (compiling source file 'main.cpp')
      C:\Program Files\Microsoft Visual Studio\2022\Community\VC\Tools\MSVC\14.43.34808\include\locale(24,1):
      see declaration of 'std'
  
C:\Users\hariz\Desktop\UTeM-Hackathon2025\backend-2\backend-2\crow_all.h(9290,37): error C2065: 'string_view': undeclared identifier
  (compiling source file 'main.cpp')
  
C:\Users\hariz\Desktop\UTeM-Hackathon2025\backend-2\backend-2\crow_all.h(9290,55): error C2039: 'string_view': is not a member of 'std'
  (compiling source file 'main.cpp')
      C:\Program Files\Microsoft Visual Studio\2022\Community\VC\Tools\MSVC\14.43.34808\include\locale(24,1):
      see declaration of 'std'
  
C:\Users\hariz\Desktop\UTeM-Hackathon2025\backend-2\backend-2\crow_all.h(9290,55): error C2065: 'string_view': undeclared identifier
  (compiling source file 'main.cpp')
  
C:\Users\hariz\Desktop\UTeM-Hackathon2025\backend-2\backend-2\crow_all.h(9290,18): error C2923: 'std::unordered_map': 'string_view' is not a valid template type argument for parameter '_Kty'
  (compiling source file 'main.cpp')
      C:\Users\hariz\Desktop\UTeM-Hackathon2025\backend-2\backend-2\crow_all.h(9290,37):
      see declaration of 'string_view'
  
C:\Users\hariz\Desktop\UTeM-Hackathon2025\backend-2\backend-2\crow_all.h(9290,18): error C2923: 'std::unordered_map': 'string_view' is not a valid template type argument for parameter '_Ty'
  (compiling source file 'main.cpp')
      C:\Users\hariz\Desktop\UTeM-Hackathon2025\backend-2\backend-2\crow_all.h(9290,55):
      see declaration of 'string_view'
  
C:\Users\hariz\Desktop\UTeM-Hackathon2025\backend-2\backend-2\crow_all.h(9290,18): error C2976: 'std::unordered_map': too few template arguments
  (compiling source file 'main.cpp')
      C:\Program Files\Microsoft Visual Studio\2022\Community\VC\Tools\MSVC\14.43.34808\include\unordered_map(61,7):
      see declaration of 'std::unordered_map'
  
C:\Users\hariz\Desktop\UTeM-Hackathon2025\backend-2\backend-2\crow_all.h(9296,22): error C2039: 'from_chars': is not a member of 'std'
  (compiling source file 'main.cpp')
      C:\Program Files\Microsoft Visual Studio\2022\Community\VC\Tools\MSVC\14.43.34808\include\locale(24,1):
      see declaration of 'std'
  
C:\Users\hariz\Desktop\UTeM-Hackathon2025\backend-2\backend-2\crow_all.h(9296,33): error C2065: 'value': undeclared identifier
  (compiling source file 'main.cpp')
  
C:\Users\hariz\Desktop\UTeM-Hackathon2025\backend-2\backend-2\crow_all.h(9296,47): error C2065: 'value': undeclared identifier
  (compiling source file 'main.cpp')
  
C:\Users\hariz\Desktop\UTeM-Hackathon2025\backend-2\backend-2\crow_all.h(9296,62): error C2065: 'value': undeclared identifier
  (compiling source file 'main.cpp')
  
C:\Users\hariz\Desktop\UTeM-Hackathon2025\backend-2\backend-2\crow_all.h(9296,22): error C3861: 'from_chars': identifier not found
  (compiling source file 'main.cpp')
  
C:\Users\hariz\Desktop\UTeM-Hackathon2025\backend-2\backend-2\crow_all.h(9304,59): error C2065: 'value': undeclared identifier
  (compiling source file 'main.cpp')
  
C:\Users\hariz\Desktop\UTeM-Hackathon2025\backend-2\backend-2\crow_all.h(9309,59): error C2039: 'string_view': is not a member of 'std'
  (compiling source file 'main.cpp')
      C:\Program Files\Microsoft Visual Studio\2022\Community\VC\Tools\MSVC\14.43.34808\include\locale(24,1):
      see declaration of 'std'
  
C:\Users\hariz\Desktop\UTeM-Hackathon2025\backend-2\backend-2\crow_all.h(9309,59): error C2065: 'string_view': undeclared identifier
  (compiling source file 'main.cpp')
  
C:\Users\hariz\Desktop\UTeM-Hackathon2025\backend-2\backend-2\crow_all.h(9309,35): error C2923: 'std::unordered_multimap': 'string_view' is not a valid template type argument for parameter '_Kty'
  (compiling source file 'main.cpp')
      C:\Users\hariz\Desktop\UTeM-Hackathon2025\backend-2\backend-2\crow_all.h(9309,59):
      see declaration of 'string_view'
  
C:\Users\hariz\Desktop\UTeM-Hackathon2025\backend-2\backend-2\crow_all.h(9309,35): error C2976: 'std::unordered_multimap': too few template arguments
  (compiling source file 'main.cpp')
      C:\Program Files\Microsoft Visual Studio\2022\Community\VC\Tools\MSVC\14.43.34808\include\unordered_map(553,7):
      see declaration of 'std::unordered_multimap'
  
C:\Users\hariz\Desktop\UTeM-Hackathon2025\backend-2\backend-2\crow_all.h(9312,93): error C2039: 'string_view': is not a member of 'std'
  (compiling source file 'main.cpp')
      C:\Program Files\Microsoft Visual Studio\2022\Community\VC\Tools\MSVC\14.43.34808\include\locale(24,1):
      see declaration of 'std'
  
C:\Users\hariz\Desktop\UTeM-Hackathon2025\backend-2\backend-2\crow_all.h(9312,82): error C4430: missing type specifier - int assumed. Note: C++ does not support default-int
  (compiling source file 'main.cpp')
  
C:\Users\hariz\Desktop\UTeM-Hackathon2025\backend-2\backend-2\crow_all.h(9312,105): error C2146: syntax error: missing ')' before identifier 'key'
  (compiling source file 'main.cpp')
  
C:\Users\hariz\Desktop\UTeM-Hackathon2025\backend-2\backend-2\crow_all.h(9312,105): error C3646: 'key': unknown override specifier
  (compiling source file 'main.cpp')
  
C:\Users\hariz\Desktop\UTeM-Hackathon2025\backend-2\backend-2\crow_all.h(9312,108): error C2059: syntax error: ')'
  (compiling source file 'main.cpp')
  
C:\Users\hariz\Desktop\UTeM-Hackathon2025\backend-2\backend-2\crow_all.h(9314,46): error C2065: 'key': undeclared identifier
  (compiling source file 'main.cpp')
  
C:\Users\hariz\Desktop\UTeM-Hackathon2025\backend-2\backend-2\crow_all.h(9314,24): error C2737: 'header': const object must be initialized
  (compiling source file 'main.cpp')
  
C:\Users\hariz\Desktop\UTeM-Hackathon2025\backend-2\backend-2\crow_all.h(9315,17): error C3536: 'header': cannot be used before it is initialized
  (compiling source file 'main.cpp')
  
C:\Users\hariz\Desktop\UTeM-Hackathon2025\backend-2\backend-2\crow_all.h(9315,35): error C2663: 'std::_Hash<_Traits>::cend': no overloaded function has valid conversion for 'this' pointer
  (compiling source file 'main.cpp')
      C:\Program Files\Microsoft Visual Studio\2022\Community\VC\Tools\MSVC\14.43.34808\include\xhash(824,31):
      could be 'list<_Traits::value_type,_Traits::allocator_type>::const_iterator std::_Hash<_Traits>::cend(void) noexcept const'
          C:\Users\hariz\Desktop\UTeM-Hackathon2025\backend-2\backend-2\crow_all.h(9315,35):
          'list<_Traits::value_type,_Traits::allocator_type>::const_iterator std::_Hash<_Traits>::cend(void) noexcept const': cannot convert 'this' pointer from 'const crow::multipart::mph_view_map' to 'const std::_Hash<_Traits> &'
              C:\Users\hariz\Desktop\UTeM-Hackathon2025\backend-2\backend-2\crow_all.h(9315,27):
              Reason: cannot convert from 'const crow::multipart::mph_view_map' to 'const std::_Hash<_Traits>'
              C:\Users\hariz\Desktop\UTeM-Hackathon2025\backend-2\backend-2\crow_all.h(9315,27):
              Conversion requires a second user-defined-conversion operator or constructor
      C:\Users\hariz\Desktop\UTeM-Hackathon2025\backend-2\backend-2\crow_all.h(9315,35):
      while trying to match the argument list '()'
  
C:\Users\hariz\Desktop\UTeM-Hackathon2025\backend-2\backend-2\crow_all.h(9327,18): error C2039: 'string_view': is not a member of 'std'
  (compiling source file 'main.cpp')
      C:\Program Files\Microsoft Visual Studio\2022\Community\VC\Tools\MSVC\14.43.34808\include\locale(24,1):
      see declaration of 'std'
  
C:\Users\hariz\Desktop\UTeM-Hackathon2025\backend-2\backend-2\crow_all.h(9327,30): error C3646: 'value': unknown override specifier
  (compiling source file 'main.cpp')
  
C:\Users\hariz\Desktop\UTeM-Hackathon2025\backend-2\backend-2\crow_all.h(9327,18): error C4430: missing type specifier - int assumed. Note: C++ does not support default-int
  (compiling source file 'main.cpp')
  
C:\Users\hariz\Desktop\UTeM-Hackathon2025\backend-2\backend-2\crow_all.h(9333,59): error C2039: 'value': is not a member of 'crow::multipart::padded'
  (compiling source file 'main.cpp')
      C:\Users\hariz\Desktop\UTeM-Hackathon2025\backend-2\backend-2\crow_all.h(9325,16):
      see declaration of 'crow::multipart::padded'
  
C:\Users\hariz\Desktop\UTeM-Hackathon2025\backend-2\backend-2\crow_all.h(9344,18): error C2039: 'string_view': is not a member of 'std'
  (compiling source file 'main.cpp')
      C:\Program Files\Microsoft Visual Studio\2022\Community\VC\Tools\MSVC\14.43.34808\include\locale(24,1):
      see declaration of 'std'
  
C:\Users\hariz\Desktop\UTeM-Hackathon2025\backend-2\backend-2\crow_all.h(9344,30): error C3646: 'body': unknown override specifier
  (compiling source file 'main.cpp')
  
C:\Users\hariz\Desktop\UTeM-Hackathon2025\backend-2\backend-2\crow_all.h(9344,18): error C4430: missing type specifier - int assumed. Note: C++ does not support default-int
  (compiling source file 'main.cpp')
  
C:\Users\hariz\Desktop\UTeM-Hackathon2025\backend-2\backend-2\crow_all.h(9361,61): error C2039: 'string_view': is not a member of 'std'
  (compiling source file 'main.cpp')
      C:\Program Files\Microsoft Visual Studio\2022\Community\VC\Tools\MSVC\14.43.34808\include\locale(24,1):
      see declaration of 'std'
  
C:\Users\hariz\Desktop\UTeM-Hackathon2025\backend-2\backend-2\crow_all.h(9361,50): error C4430: missing type specifier - int assumed. Note: C++ does not support default-int
  (compiling source file 'main.cpp')
  
C:\Users\hariz\Desktop\UTeM-Hackathon2025\backend-2\backend-2\crow_all.h(9361,73): error C2146: syntax error: missing ')' before identifier 'key'
  (compiling source file 'main.cpp')
  
C:\Users\hariz\Desktop\UTeM-Hackathon2025\backend-2\backend-2\crow_all.h(9361,73): error C3646: 'key': unknown override specifier
  (compiling source file 'main.cpp')
  
C:\Users\hariz\Desktop\UTeM-Hackathon2025\backend-2\backend-2\crow_all.h(9361,76): error C2059: syntax error: ')'
  (compiling source file 'main.cpp')
  
C:\Users\hariz\Desktop\UTeM-Hackathon2025\backend-2\backend-2\crow_all.h(9361,78): error C2143: syntax error: missing ';' before 'const'
  (compiling source file 'main.cpp')
  
C:\Users\hariz\Desktop\UTeM-Hackathon2025\backend-2\backend-2\crow_all.h(9361,78): error C4430: missing type specifier - int assumed. Note: C++ does not support default-int
  (compiling source file 'main.cpp')
  
C:\Users\hariz\Desktop\UTeM-Hackathon2025\backend-2\backend-2\crow_all.h(9362,13): error C2059: syntax error: '{'
  (compiling source file 'main.cpp')
  
C:\Users\hariz\Desktop\UTeM-Hackathon2025\backend-2\backend-2\crow_all.h(9362,13): error C2334: unexpected token(s) preceding '{'; skipping apparent function body
  (compiling source file 'main.cpp')
  
C:\Users\hariz\Desktop\UTeM-Hackathon2025\backend-2\backend-2\crow_all.h(9350,22): error C2039: 'from_chars': is not a member of 'std'
  (compiling source file 'main.cpp')
      C:\Program Files\Microsoft Visual Studio\2022\Community\VC\Tools\MSVC\14.43.34808\include\locale(24,1):
      see declaration of 'std'
  
C:\Users\hariz\Desktop\UTeM-Hackathon2025\backend-2\backend-2\crow_all.h(9350,33): error C2065: 'body': undeclared identifier
  (compiling source file 'main.cpp')
  
C:\Users\hariz\Desktop\UTeM-Hackathon2025\backend-2\backend-2\crow_all.h(9350,46): error C2065: 'body': undeclared identifier
  (compiling source file 'main.cpp')
  
C:\Users\hariz\Desktop\UTeM-Hackathon2025\backend-2\backend-2\crow_all.h(9350,60): error C2065: 'body': undeclared identifier
  (compiling source file 'main.cpp')
  
C:\Users\hariz\Desktop\UTeM-Hackathon2025\backend-2\backend-2\crow_all.h(9350,22): error C3861: 'from_chars': identifier not found
  (compiling source file 'main.cpp')
  
C:\Users\hariz\Desktop\UTeM-Hackathon2025\backend-2\backend-2\crow_all.h(9358,59): error C2065: 'body': undeclared identifier
  (compiling source file 'main.cpp')
  
C:\Users\hariz\Desktop\UTeM-Hackathon2025\backend-2\backend-2\crow_all.h(9368,67): error C2663: 'std::_Hash<_Traits>::_Unchecked_begin': no overloaded function has valid conversion for 'this' pointer
  (compiling source file 'main.cpp')
      C:\Program Files\Microsoft Visual Studio\2022\Community\VC\Tools\MSVC\14.43.34808\include\xhash(804,25):
      could be 'conditional<std::is_same_v<_Traits::key_type,list<_Traits::value_type,_Traits::allocator_type>::value_type>,list<_Traits::value_type,_Traits::allocator_type>::_Unchecked_const_iterator,list<_Traits::value_type,_Traits::allocator_type>::_Unchecked_iterator>::type std::_Hash<_Traits>::_Unchecked_begin(void) noexcept'
          C:\Users\hariz\Desktop\UTeM-Hackathon2025\backend-2\backend-2\crow_all.h(9368,67):
          'conditional<std::is_same_v<_Traits::key_type,list<_Traits::value_type,_Traits::allocator_type>::value_type>,list<_Traits::value_type,_Traits::allocator_type>::_Unchecked_const_iterator,list<_Traits::value_type,_Traits::allocator_type>::_Unchecked_iterator>::type std::_Hash<_Traits>::_Unchecked_begin(void) noexcept': cannot convert 'this' pointer from 'const crow::multipart::mph_view_map' to 'std::unordered_multimap<_Kty,_Ty,_Hasher,_Keyeq,_Alloc> &'
              C:\Users\hariz\Desktop\UTeM-Hackathon2025\backend-2\backend-2\crow_all.h(9368,67):
              Reason: cannot convert from 'const crow::multipart::mph_view_map' to 'std::unordered_multimap<_Kty,_Ty,_Hasher,_Keyeq,_Alloc>'
              C:\Users\hariz\Desktop\UTeM-Hackathon2025\backend-2\backend-2\crow_all.h(9368,67):
              Conversion requires a second user-defined-conversion operator or constructor
      C:\Program Files\Microsoft Visual Studio\2022\Community\VC\Tools\MSVC\14.43.34808\include\xhash(808,31):
      or       'list<_Traits::value_type,_Traits::allocator_type>::_Unchecked_const_iterator std::_Hash<_Traits>::_Unchecked_begin(void) noexcept const'
          C:\Users\hariz\Desktop\UTeM-Hackathon2025\backend-2\backend-2\crow_all.h(9368,67):
          'list<_Traits::value_type,_Traits::allocator_type>::_Unchecked_const_iterator std::_Hash<_Traits>::_Unchecked_begin(void) noexcept const': cannot convert 'this' pointer from 'const crow::multipart::mph_view_map' to 'const std::unordered_multimap<_Kty,_Ty,_Hasher,_Keyeq,_Alloc> &'
              C:\Users\hariz\Desktop\UTeM-Hackathon2025\backend-2\backend-2\crow_all.h(9368,67):
              Reason: cannot convert from 'const crow::multipart::mph_view_map' to 'const std::unordered_multimap<_Kty,_Ty,_Hasher,_Keyeq,_Alloc>'
              C:\Users\hariz\Desktop\UTeM-Hackathon2025\backend-2\backend-2\crow_all.h(9368,67):
              Conversion requires a second user-defined-conversion operator or constructor
      C:\Users\hariz\Desktop\UTeM-Hackathon2025\backend-2\backend-2\crow_all.h(9368,67):
      while trying to match the argument list '()'
  
C:\Users\hariz\Desktop\UTeM-Hackathon2025\backend-2\backend-2\crow_all.h(9368,67): error C2663: 'std::_Hash<_Traits>::_Unchecked_end': no overloaded function has valid conversion for 'this' pointer
  (compiling source file 'main.cpp')
      C:\Program Files\Microsoft Visual Studio\2022\Community\VC\Tools\MSVC\14.43.34808\include\xhash(812,25):
      could be 'conditional<std::is_same_v<_Traits::key_type,list<_Traits::value_type,_Traits::allocator_type>::value_type>,list<_Traits::value_type,_Traits::allocator_type>::_Unchecked_const_iterator,list<_Traits::value_type,_Traits::allocator_type>::_Unchecked_iterator>::type std::_Hash<_Traits>::_Unchecked_end(void) noexcept'
          C:\Users\hariz\Desktop\UTeM-Hackathon2025\backend-2\backend-2\crow_all.h(9368,67):
          'conditional<std::is_same_v<_Traits::key_type,list<_Traits::value_type,_Traits::allocator_type>::value_type>,list<_Traits::value_type,_Traits::allocator_type>::_Unchecked_const_iterator,list<_Traits::value_type,_Traits::allocator_type>::_Unchecked_iterator>::type std::_Hash<_Traits>::_Unchecked_end(void) noexcept': cannot convert 'this' pointer from 'const crow::multipart::mph_view_map' to 'std::unordered_multimap<_Kty,_Ty,_Hasher,_Keyeq,_Alloc> &'
              C:\Users\hariz\Desktop\UTeM-Hackathon2025\backend-2\backend-2\crow_all.h(9368,67):
              Reason: cannot convert from 'const crow::multipart::mph_view_map' to 'std::unordered_multimap<_Kty,_Ty,_Hasher,_Keyeq,_Alloc>'
              C:\Users\hariz\Desktop\UTeM-Hackathon2025\backend-2\backend-2\crow_all.h(9368,67):
              Conversion requires a second user-defined-conversion operator or constructor
      C:\Program Files\Microsoft Visual Studio\2022\Community\VC\Tools\MSVC\14.43.34808\include\xhash(816,31):
      or       'list<_Traits::value_type,_Traits::allocator_type>::_Unchecked_const_iterator std::_Hash<_Traits>::_Unchecked_end(void) noexcept const'
          C:\Users\hariz\Desktop\UTeM-Hackathon2025\backend-2\backend-2\crow_all.h(9368,67):
          'list<_Traits::value_type,_Traits::allocator_type>::_Unchecked_const_iterator std::_Hash<_Traits>::_Unchecked_end(void) noexcept const': cannot convert 'this' pointer from 'const crow::multipart::mph_view_map' to 'const std::unordered_multimap<_Kty,_Ty,_Hasher,_Keyeq,_Alloc> &'
              C:\Users\hariz\Desktop\UTeM-Hackathon2025\backend-2\backend-2\crow_all.h(9368,67):
              Reason: cannot convert from 'const crow::multipart::mph_view_map' to 'const std::unordered_multimap<_Kty,_Ty,_Hasher,_Keyeq,_Alloc>'
              C:\Users\hariz\Desktop\UTeM-Hackathon2025\backend-2\backend-2\crow_all.h(9368,67):
              Conversion requires a second user-defined-conversion operator or constructor
      C:\Users\hariz\Desktop\UTeM-Hackathon2025\backend-2\backend-2\crow_all.h(9368,67):
      while trying to match the argument list '()'
  
C:\Users\hariz\Desktop\UTeM-Hackathon2025\backend-2\backend-2\crow_all.h(9368,35): error C2429: language feature 'structured bindings' requires compiler flag '/std:c++17'
  (compiling source file 'main.cpp')
  
C:\Users\hariz\Desktop\UTeM-Hackathon2025\backend-2\backend-2\crow_all.h(9370,21): error C2593: 'operator <<' is ambiguous
  (compiling source file 'main.cpp')
      C:\Program Files\Microsoft Visual Studio\2022\Community\VC\Tools\MSVC\14.43.34808\include\__msvc_ostream.hpp(480,39):
      could be 'std::basic_ostream<char,std::char_traits<char>> &std::basic_ostream<char,std::char_traits<char>>::operator <<(std::basic_streambuf<char,std::char_traits<char>> *)'
      C:\Program Files\Microsoft Visual Studio\2022\Community\VC\Tools\MSVC\14.43.34808\include\__msvc_ostream.hpp(448,39):
      or       'std::basic_ostream<char,std::char_traits<char>> &std::basic_ostream<char,std::char_traits<char>>::operator <<(const void *)'
      C:\Program Files\Microsoft Visual Studio\2022\Community\VC\Tools\MSVC\14.43.34808\include\__msvc_ostream.hpp(430,39):
      or       'std::basic_ostream<char,std::char_traits<char>> &std::basic_ostream<char,std::char_traits<char>>::operator <<(long double)'
      C:\Program Files\Microsoft Visual Studio\2022\Community\VC\Tools\MSVC\14.43.34808\include\__msvc_ostream.hpp(412,39):
      or       'std::basic_ostream<char,std::char_traits<char>> &std::basic_ostream<char,std::char_traits<char>>::operator <<(double)'
      C:\Program Files\Microsoft Visual Studio\2022\Community\VC\Tools\MSVC\14.43.34808\include\__msvc_ostream.hpp(394,39):
      or       'std::basic_ostream<char,std::char_traits<char>> &std::basic_ostream<char,std::char_traits<char>>::operator <<(float)'
      C:\Program Files\Microsoft Visual Studio\2022\Community\VC\Tools\MSVC\14.43.34808\include\__msvc_ostream.hpp(376,39):
      or       'std::basic_ostream<char,std::char_traits<char>> &std::basic_ostream<char,std::char_traits<char>>::operator <<(unsigned __int64)'
      C:\Program Files\Microsoft Visual Studio\2022\Community\VC\Tools\MSVC\14.43.34808\include\__msvc_ostream.hpp(358,39):
      or       'std::basic_ostream<char,std::char_traits<char>> &std::basic_ostream<char,std::char_traits<char>>::operator <<(__int64)'
      C:\Program Files\Microsoft Visual Studio\2022\Community\VC\Tools\MSVC\14.43.34808\include\__msvc_ostream.hpp(340,39):
      or       'std::basic_ostream<char,std::char_traits<char>> &std::basic_ostream<char,std::char_traits<char>>::operator <<(unsigned long)'
      C:\Program Files\Microsoft Visual Studio\2022\Community\VC\Tools\MSVC\14.43.34808\include\__msvc_ostream.hpp(322,39):
      or       'std::basic_ostream<char,std::char_traits<char>> &std::basic_ostream<char,std::char_traits<char>>::operator <<(long)'
      C:\Program Files\Microsoft Visual Studio\2022\Community\VC\Tools\MSVC\14.43.34808\include\__msvc_ostream.hpp(303,39):
      or       'std::basic_ostream<char,std::char_traits<char>> &std::basic_ostream<char,std::char_traits<char>>::operator <<(unsigned int)'
      C:\Program Files\Microsoft Visual Studio\2022\Community\VC\Tools\MSVC\14.43.34808\include\__msvc_ostream.hpp(277,39):
      or       'std::basic_ostream<char,std::char_traits<char>> &std::basic_ostream<char,std::char_traits<char>>::operator <<(int)'
      C:\Program Files\Microsoft Visual Studio\2022\Community\VC\Tools\MSVC\14.43.34808\include\__msvc_ostream.hpp(258,39):
      or       'std::basic_ostream<char,std::char_traits<char>> &std::basic_ostream<char,std::char_traits<char>>::operator <<(unsigned short)'
      C:\Program Files\Microsoft Visual Studio\2022\Community\VC\Tools\MSVC\14.43.34808\include\__msvc_ostream.hpp(224,39):
      or       'std::basic_ostream<char,std::char_traits<char>> &std::basic_ostream<char,std::char_traits<char>>::operator <<(short)'
      C:\Program Files\Microsoft Visual Studio\2022\Community\VC\Tools\MSVC\14.43.34808\include\__msvc_ostream.hpp(206,39):
      or       'std::basic_ostream<char,std::char_traits<char>> &std::basic_ostream<char,std::char_traits<char>>::operator <<(bool)'
      C:\Program Files\Microsoft Visual Studio\2022\Community\VC\Tools\MSVC\14.43.34808\include\__msvc_ostream.hpp(200,39):
      or       'std::basic_ostream<char,std::char_traits<char>> &std::basic_ostream<char,std::char_traits<char>>::operator <<(std::ios_base &(__cdecl *)(std::ios_base &))'
      C:\Program Files\Microsoft Visual Studio\2022\Community\VC\Tools\MSVC\14.43.34808\include\__msvc_ostream.hpp(194,39):
      or       'std::basic_ostream<char,std::char_traits<char>> &std::basic_ostream<char,std::char_traits<char>>::operator <<(std::basic_ios<char,std::char_traits<char>> &(__cdecl *)(std::basic_ios<char,std::char_traits<char>> &))'
      C:\Program Files\Microsoft Visual Studio\2022\Community\VC\Tools\MSVC\14.43.34808\include\__msvc_ostream.hpp(189,39):
      or       'std::basic_ostream<char,std::char_traits<char>> &std::basic_ostream<char,std::char_traits<char>>::operator <<(std::basic_ostream<char,std::char_traits<char>> &(__cdecl *)(std::basic_ostream<char,std::char_traits<char>> &))'
      C:\Users\hariz\Downloads\mysql-connector-c++-9.3.0-winx64\mysql-connector-c++-9.3.0-winx64\include\jdbc\cppconn\sqlstring.h(246,20):
      or       'std::ostream &std::operator <<(std::ostream &,const sql::SQLString &)' [found using argument-dependent lookup]
      C:\Program Files\Microsoft Visual Studio\2022\Community\VC\Tools\MSVC\14.43.34808\include\__msvc_ostream.hpp(688,32):
      or       'std::basic_ostream<char,std::char_traits<char>> &std::operator <<<char,std::char_traits<char>>(std::basic_ostream<char,std::char_traits<char>> &,const char *)'
      C:\Program Files\Microsoft Visual Studio\2022\Community\VC\Tools\MSVC\14.43.34808\include\__msvc_ostream.hpp(732,32):
      or       'std::basic_ostream<char,std::char_traits<char>> &std::operator <<<char,std::char_traits<char>>(std::basic_ostream<char,std::char_traits<char>> &,char)'
      C:\Program Files\Microsoft Visual Studio\2022\Community\VC\Tools\MSVC\14.43.34808\include\__msvc_ostream.hpp(768,31):
      or       'std::basic_ostream<char,std::char_traits<char>> &std::operator <<<std::char_traits<char>>(std::basic_ostream<char,std::char_traits<char>> &,const char *)'
      C:\Program Files\Microsoft Visual Studio\2022\Community\VC\Tools\MSVC\14.43.34808\include\__msvc_ostream.hpp(813,31):
      or       'std::basic_ostream<char,std::char_traits<char>> &std::operator <<<std::char_traits<char>>(std::basic_ostream<char,std::char_traits<char>> &,char)'
      C:\Program Files\Microsoft Visual Studio\2022\Community\VC\Tools\MSVC\14.43.34808\include\__msvc_ostream.hpp(930,31):
      or       'std::basic_ostream<char,std::char_traits<char>> &std::operator <<<std::char_traits<char>>(std::basic_ostream<char,std::char_traits<char>> &,const signed char *)'
      C:\Program Files\Microsoft Visual Studio\2022\Community\VC\Tools\MSVC\14.43.34808\include\__msvc_ostream.hpp(936,31):
      or       'std::basic_ostream<char,std::char_traits<char>> &std::operator <<<std::char_traits<char>>(std::basic_ostream<char,std::char_traits<char>> &,signed char)'
      C:\Program Files\Microsoft Visual Studio\2022\Community\VC\Tools\MSVC\14.43.34808\include\__msvc_ostream.hpp(941,31):
      or       'std::basic_ostream<char,std::char_traits<char>> &std::operator <<<std::char_traits<char>>(std::basic_ostream<char,std::char_traits<char>> &,const unsigned char *)'
      C:\Program Files\Microsoft Visual Studio\2022\Community\VC\Tools\MSVC\14.43.34808\include\__msvc_ostream.hpp(947,31):
      or       'std::basic_ostream<char,std::char_traits<char>> &std::operator <<<std::char_traits<char>>(std::basic_ostream<char,std::char_traits<char>> &,unsigned char)'
      C:\Program Files\Microsoft Visual Studio\2022\Community\VC\Tools\MSVC\14.43.34808\include\__msvc_ostream.hpp(1031,32):
      or       'std::basic_ostream<char,std::char_traits<char>> &std::operator <<<char,std::char_traits<char>>(std::basic_ostream<char,std::char_traits<char>> &,const std::error_code &)'
      C:\Program Files\Microsoft Visual Studio\2022\Community\VC\Tools\MSVC\14.43.34808\include\thread(298,26):
      or       'std::basic_ostream<char,std::char_traits<char>> &std::operator <<<char,std::char_traits<char>>(std::basic_ostream<char,std::char_traits<char>> &,std::thread::id)'
      C:\Users\hariz\Desktop\UTeM-Hackathon2025\backend-2\backend-2\crow_all.h(9370,21):
      while trying to match the argument list '(std::ostream, unknown-type)'
  
C:\Users\hariz\Desktop\UTeM-Hackathon2025\backend-2\backend-2\crow_all.h(9371,63): error C2059: syntax error: ':'
  (compiling source file 'main.cpp')
  
C:\Users\hariz\Desktop\UTeM-Hackathon2025\backend-2\backend-2\crow_all.h(9372,21): error C2143: syntax error: missing ';' before '{'
  (compiling source file 'main.cpp')
  
C:\Users\hariz\Desktop\UTeM-Hackathon2025\backend-2\backend-2\crow_all.h(9373,43): error C2065: 'param_key': undeclared identifier
  (compiling source file 'main.cpp')
  
C:\Users\hariz\Desktop\UTeM-Hackathon2025\backend-2\backend-2\crow_all.h(9373,70): error C2065: 'param_value': undeclared identifier
  (compiling source file 'main.cpp')
  
C:\Users\hariz\Desktop\UTeM-Hackathon2025\backend-2\backend-2\crow_all.h(9378,32): error C2039: 'body': is not a member of 'crow::multipart::part_view'
  (compiling source file 'main.cpp')
      C:\Users\hariz\Desktop\UTeM-Hackathon2025\backend-2\backend-2\crow_all.h(9341,16):
      see declaration of 'crow::multipart::part_view'
  
C:\Users\hariz\Desktop\UTeM-Hackathon2025\backend-2\backend-2\crow_all.h(9384,58): error C2039: 'string_view': is not a member of 'std'
  (compiling source file 'main.cpp')
      C:\Program Files\Microsoft Visual Studio\2022\Community\VC\Tools\MSVC\14.43.34808\include\locale(24,1):
      see declaration of 'std'
  
C:\Users\hariz\Desktop\UTeM-Hackathon2025\backend-2\backend-2\crow_all.h(9384,58): error C2065: 'string_view': undeclared identifier
  (compiling source file 'main.cpp')
  
C:\Users\hariz\Desktop\UTeM-Hackathon2025\backend-2\backend-2\crow_all.h(9384,34): error C2923: 'std::unordered_multimap': 'string_view' is not a valid template type argument for parameter '_Kty'
  (compiling source file 'main.cpp')
      C:\Users\hariz\Desktop\UTeM-Hackathon2025\backend-2\backend-2\crow_all.h(9384,58):
      see declaration of 'string_view'
  
C:\Users\hariz\Desktop\UTeM-Hackathon2025\backend-2\backend-2\crow_all.h(9384,34): error C2976: 'std::unordered_multimap': too few template arguments
  (compiling source file 'main.cpp')
      C:\Program Files\Microsoft Visual Studio\2022\Community\VC\Tools\MSVC\14.43.34808\include\unordered_map(553,7):
      see declaration of 'std::unordered_multimap'
  
C:\Users\hariz\Desktop\UTeM-Hackathon2025\backend-2\backend-2\crow_all.h(9399,51): error C2039: 'string_view': is not a member of 'std'
  (compiling source file 'main.cpp')
      C:\Program Files\Microsoft Visual Studio\2022\Community\VC\Tools\MSVC\14.43.34808\include\locale(24,1):
      see declaration of 'std'
  
C:\Users\hariz\Desktop\UTeM-Hackathon2025\backend-2\backend-2\crow_all.h(9399,40): error C4430: missing type specifier - int assumed. Note: C++ does not support default-int
  (compiling source file 'main.cpp')
  
C:\Users\hariz\Desktop\UTeM-Hackathon2025\backend-2\backend-2\crow_all.h(9399,63): error C2146: syntax error: missing ')' before identifier 'name'
  (compiling source file 'main.cpp')
  
C:\Users\hariz\Desktop\UTeM-Hackathon2025\backend-2\backend-2\crow_all.h(9399,63): error C3646: 'name': unknown override specifier
  (compiling source file 'main.cpp')
  
C:\Users\hariz\Desktop\UTeM-Hackathon2025\backend-2\backend-2\crow_all.h(9399,67): error C2059: syntax error: ')'
  (compiling source file 'main.cpp')
  
C:\Users\hariz\Desktop\UTeM-Hackathon2025\backend-2\backend-2\crow_all.h(9459,18): error C2039: 'string_view': is not a member of 'std'
  (compiling source file 'main.cpp')
      C:\Program Files\Microsoft Visual Studio\2022\Community\VC\Tools\MSVC\14.43.34808\include\locale(24,1):
      see declaration of 'std'
  
C:\Users\hariz\Desktop\UTeM-Hackathon2025\backend-2\backend-2\crow_all.h(9459,30): error C3646: 'get_boundary': unknown override specifier
  (compiling source file 'main.cpp')
  
C:\Users\hariz\Desktop\UTeM-Hackathon2025\backend-2\backend-2\crow_all.h(9459,30): error C1003: error count exceeds 100; stopping compilation
  (compiling source file 'main.cpp')
  
